app/build/intermediates/manifest_merge_blame_file/release/manifest-merger-blame-release-report.txt
1<?xml version="1.0" encoding="utf-8"?>
2<manifest xmlns:android="http://schemas.android.com/apk/res/android"
3    package="com.futuretech.imagetopdf"
4    android:versionCode="2"
5    android:versionName="1.1" >
6
7    <uses-sdk
8        android:minSdkVersion="21"
8-->src\main\AndroidManifest.xml
9        android:targetSdkVersion="31" />
9-->src\main\AndroidManifest.xml
10
11    <uses-permission android:name="android.permission.INTERNET" />
11-->src\main\AndroidManifest.xml:6:5-67
11-->src\main\AndroidManifest.xml:6:22-64
12    <uses-permission android:name="android.permission.WRITE_EXTERNAL_STORAGE" />
12-->src\main\AndroidManifest.xml:7:5-8:40
12-->src\main\AndroidManifest.xml:7:22-78
13    <uses-permission android:name="android.permission.READ_EXTERNAL_STORAGE" />
13-->src\main\AndroidManifest.xml:9:5-80
13-->src\main\AndroidManifest.xml:9:22-77
14    <uses-permission android:name="android.permission.CAMERA" />
14-->src\main\AndroidManifest.xml:10:5-65
14-->src\main\AndroidManifest.xml:10:22-62
15
16    <uses-feature android:name="android.hardware.camera" />
16-->src\main\AndroidManifest.xml:12:5-60
16-->src\main\AndroidManifest.xml:12:19-57
17    <uses-feature
17-->src\main\AndroidManifest.xml:13:5-15:36
18        android:name="android.hardware.camera.autofocus"
18-->src\main\AndroidManifest.xml:14:9-57
19        android:required="false" />
19-->src\main\AndroidManifest.xml:15:9-33
20
21    <uses-permission android:name="android.permission.ACCESS_NETWORK_STATE" />
21-->[com.google.firebase:firebase-config:21.0.1] AndroidManifest.xml:25:5-79
21-->[com.google.firebase:firebase-config:21.0.1] AndroidManifest.xml:25:22-76
22    <uses-permission android:name="android.permission.WAKE_LOCK" />
22-->[com.google.android.gms:play-services-measurement-api:20.0.0] AndroidManifest.xml:24:5-68
22-->[com.google.android.gms:play-services-measurement-api:20.0.0] AndroidManifest.xml:24:22-65
23    <uses-permission android:name="com.google.android.finsky.permission.BIND_GET_INSTALL_REFERRER_SERVICE" />
23-->[com.google.android.gms:play-services-measurement:20.0.0] AndroidManifest.xml:26:5-110
23-->[com.google.android.gms:play-services-measurement:20.0.0] AndroidManifest.xml:26:22-107
24    <uses-permission android:name="com.android.vending.BILLING" /> <!-- Permission will be merged into the manifest of the hosting app. -->
24-->[com.android.billingclient:billing:3.0.3] AndroidManifest.xml:10:5-67
24-->[com.android.billingclient:billing:3.0.3] AndroidManifest.xml:10:22-64
25    <!-- Is required to launch foreground extraction service for targetSdkVersion 28+. -->
26    <uses-permission android:name="android.permission.FOREGROUND_SERVICE" />
26-->[com.google.android.play:core:1.10.2] AndroidManifest.xml:13:5-77
26-->[com.google.android.play:core:1.10.2] AndroidManifest.xml:13:22-74
27    <uses-permission android:name="android.permission.RECEIVE_BOOT_COMPLETED" />
27-->[androidx.work:work-runtime:2.7.1] AndroidManifest.xml:27:5-81
27-->[androidx.work:work-runtime:2.7.1] AndroidManifest.xml:27:22-78
28
29    <application
29-->src\main\AndroidManifest.xml:17:5-94:19
30        android:name="com.futuretech.pdfreaderconverter.app.AppClass"
30-->src\main\AndroidManifest.xml:18:9-37
31        android:allowBackup="true"
31-->src\main\AndroidManifest.xml:19:9-35
32        android:appComponentFactory="androidx.core.app.CoreComponentFactory"
32-->[androidx.core:core:1.7.0] AndroidManifest.xml:24:18-86
33        android:hardwareAccelerated="true"
33-->src\main\AndroidManifest.xml:20:9-43
34        android:icon="@drawable/app_icon"
34-->src\main\AndroidManifest.xml:21:9-42
35        android:label="@string/app_title"
35-->src\main\AndroidManifest.xml:22:9-42
36        android:largeHeap="true"
36-->src\main\AndroidManifest.xml:23:9-33
37        android:requestLegacyExternalStorage="true"
37-->src\main\AndroidManifest.xml:24:9-52
38        android:roundIcon="@drawable/app_icon"
38-->src\main\AndroidManifest.xml:25:9-47
39        android:supportsRtl="true"
39-->src\main\AndroidManifest.xml:26:9-35
40        android:theme="@style/Theme.PdfReaderConverter" >
40-->src\main\AndroidManifest.xml:27:9-56
41        <activity
41-->src\main\AndroidManifest.xml:28:9-32:56
42            android:name="com.futuretech.pdfreaderconverter.ui.home.HomeFiles"
42-->src\main\AndroidManifest.xml:29:13-46
43            android:exported="false"
43-->src\main\AndroidManifest.xml:30:13-37
44            android:screenOrientation="portrait" />
44-->src\main\AndroidManifest.xml:31:13-49
45        <activity
45-->src\main\AndroidManifest.xml:33:9-37:56
46            android:name="com.futuretech.pdfreaderconverter.ui.filter.FilterScreen"
46-->src\main\AndroidManifest.xml:34:13-51
47            android:exported="false"
47-->src\main\AndroidManifest.xml:35:13-37
48            android:screenOrientation="portrait" />
48-->src\main\AndroidManifest.xml:36:13-49
49        <activity
49-->src\main\AndroidManifest.xml:38:9-42:56
50            android:name="com.futuretech.pdfreaderconverter.ui.croping.CropScreen"
50-->src\main\AndroidManifest.xml:39:13-50
51            android:exported="false"
51-->src\main\AndroidManifest.xml:40:13-37
52            android:screenOrientation="portrait" />
52-->src\main\AndroidManifest.xml:41:13-49
53        <activity
53-->src\main\AndroidManifest.xml:43:9-47:56
54            android:name="com.futuretech.pdfreaderconverter.ui.editing.EditImageScreen"
54-->src\main\AndroidManifest.xml:44:13-55
55            android:exported="false"
55-->src\main\AndroidManifest.xml:45:13-37
56            android:screenOrientation="portrait" />
56-->src\main\AndroidManifest.xml:46:13-49
57        <activity
57-->src\main\AndroidManifest.xml:48:9-52:56
58            android:name="com.futuretech.pdfreaderconverter.ui.gallery.GalleryScreen"
58-->src\main\AndroidManifest.xml:49:13-53
59            android:exported="false"
59-->src\main\AndroidManifest.xml:50:13-37
60            android:screenOrientation="portrait" />
60-->src\main\AndroidManifest.xml:51:13-49
61        <activity
61-->src\main\AndroidManifest.xml:53:9-57:56
62            android:name="com.futuretech.pdfreaderconverter.ui.camera.CameraScreen"
62-->src\main\AndroidManifest.xml:54:13-51
63            android:exported="false"
63-->src\main\AndroidManifest.xml:55:13-37
64            android:screenOrientation="portrait" />
64-->src\main\AndroidManifest.xml:56:13-49
65        <activity
65-->src\main\AndroidManifest.xml:58:9-72:20
66            android:name="com.futuretech.pdfreaderconverter.ui.pdfFileViewer.PdfFileViewerActivity"
66-->src\main\AndroidManifest.xml:59:13-67
67            android:configChanges="orientation|screenSize|keyboardHidden|uiMode"
67-->src\main\AndroidManifest.xml:60:13-81
68            android:exported="true"
68-->src\main\AndroidManifest.xml:61:13-36
69            android:screenOrientation="locked" >
69-->src\main\AndroidManifest.xml:62:13-47
70            <intent-filter android:label="@string/app_name" >
70-->src\main\AndroidManifest.xml:63:13-71:29
70-->src\main\AndroidManifest.xml:63:28-60
71                <action android:name="android.intent.action.VIEW" />
71-->src\main\AndroidManifest.xml:64:17-69
71-->src\main\AndroidManifest.xml:64:25-66
72
73                <category android:name="android.intent.category.BROWSABLE" />
73-->src\main\AndroidManifest.xml:66:17-78
73-->src\main\AndroidManifest.xml:66:27-75
74                <category android:name="android.intent.category.DEFAULT" />
74-->src\main\AndroidManifest.xml:67:17-76
74-->src\main\AndroidManifest.xml:67:27-73
75
76                <data android:scheme="content" />
76-->src\main\AndroidManifest.xml:69:17-50
76-->src\main\AndroidManifest.xml:69:23-47
77                <data android:mimeType="application/pdf" />
77-->src\main\AndroidManifest.xml:69:17-50
77-->src\main\AndroidManifest.xml:70:23-57
78            </intent-filter>
79        </activity>
80        <activity
80-->src\main\AndroidManifest.xml:73:9-82:20
81            android:name="com.futuretech.pdfreaderconverter.MainActivity"
81-->src\main\AndroidManifest.xml:74:13-41
82            android:exported="true"
82-->src\main\AndroidManifest.xml:75:13-36
83            android:screenOrientation="locked" >
83-->src\main\AndroidManifest.xml:76:13-47
84            <intent-filter>
84-->src\main\AndroidManifest.xml:77:13-81:29
85                <action android:name="android.intent.action.MAIN" />
85-->src\main\AndroidManifest.xml:78:17-69
85-->src\main\AndroidManifest.xml:78:25-66
86
87                <category android:name="android.intent.category.LAUNCHER" />
87-->src\main\AndroidManifest.xml:80:17-77
87-->src\main\AndroidManifest.xml:80:27-74
88            </intent-filter>
89        </activity>
90
91        <provider
92            android:name="androidx.core.content.FileProvider"
92-->src\main\AndroidManifest.xml:85:13-62
93            android:authorities="com.futuretech.imagetopdf.provider"
93-->src\main\AndroidManifest.xml:86:13-60
94            android:exported="false"
94-->src\main\AndroidManifest.xml:87:13-37
95            android:grantUriPermissions="true" >
95-->src\main\AndroidManifest.xml:88:13-47
96            <meta-data
96-->src\main\AndroidManifest.xml:89:13-92:52
97                android:name="android.support.FILE_PROVIDER_PATHS"
97-->src\main\AndroidManifest.xml:90:17-67
98                android:resource="@xml/path" />
98-->src\main\AndroidManifest.xml:91:17-45
99        </provider>
100
101        <uses-library
101-->[androidx.window:window:1.0.0] AndroidManifest.xml:25:9-27:40
102            android:name="androidx.window.extensions"
102-->[androidx.window:window:1.0.0] AndroidManifest.xml:26:13-54
103            android:required="false" />
103-->[androidx.window:window:1.0.0] AndroidManifest.xml:27:13-37
104        <uses-library
104-->[androidx.window:window:1.0.0] AndroidManifest.xml:28:9-30:40
105            android:name="androidx.window.sidecar"
105-->[androidx.window:window:1.0.0] AndroidManifest.xml:29:13-51
106            android:required="false" />
106-->[androidx.window:window:1.0.0] AndroidManifest.xml:30:13-37
107
108        <activity
108-->[pub.devrel:easypermissions:3.0.0] AndroidManifest.xml:12:9-16:66
109            android:name="pub.devrel.easypermissions.AppSettingsDialogHolderActivity"
109-->[pub.devrel:easypermissions:3.0.0] AndroidManifest.xml:13:13-86
110            android:exported="false"
110-->[pub.devrel:easypermissions:3.0.0] AndroidManifest.xml:14:13-37
111            android:label=""
111-->[pub.devrel:easypermissions:3.0.0] AndroidManifest.xml:15:13-29
112            android:theme="@style/EasyPermissions.Transparent" />
112-->[pub.devrel:easypermissions:3.0.0] AndroidManifest.xml:16:13-63
113
114        <service
114-->[com.google.firebase:firebase-config-ktx:21.0.1] AndroidManifest.xml:12:9-18:19
115            android:name="com.google.firebase.components.ComponentDiscoveryService"
115-->[com.google.firebase:firebase-config-ktx:21.0.1] AndroidManifest.xml:13:13-84
116            android:directBootAware="true"
116-->[com.google.firebase:firebase-common:20.0.0] AndroidManifest.xml:35:13-43
117            android:exported="false" >
117-->[com.google.firebase:firebase-config-ktx:21.0.1] AndroidManifest.xml:14:13-37
118            <meta-data
118-->[com.google.firebase:firebase-config-ktx:21.0.1] AndroidManifest.xml:15:13-17:85
119                android:name="com.google.firebase.components:com.google.firebase.remoteconfig.ktx.FirebaseRemoteConfigKtxRegistrar"
119-->[com.google.firebase:firebase-config-ktx:21.0.1] AndroidManifest.xml:16:17-132
120                android:value="com.google.firebase.components.ComponentRegistrar" />
120-->[com.google.firebase:firebase-config-ktx:21.0.1] AndroidManifest.xml:17:17-82
121            <meta-data
121-->[com.google.firebase:firebase-config:21.0.1] AndroidManifest.xml:32:13-34:85
122                android:name="com.google.firebase.components:com.google.firebase.remoteconfig.RemoteConfigRegistrar"
122-->[com.google.firebase:firebase-config:21.0.1] AndroidManifest.xml:33:17-117
123                android:value="com.google.firebase.components.ComponentRegistrar" />
123-->[com.google.firebase:firebase-config:21.0.1] AndroidManifest.xml:34:17-82
124            <meta-data
124-->[com.google.firebase:firebase-abt:21.0.0] AndroidManifest.xml:13:13-15:85
125                android:name="com.google.firebase.components:com.google.firebase.abt.component.AbtRegistrar"
125-->[com.google.firebase:firebase-abt:21.0.0] AndroidManifest.xml:14:17-109
126                android:value="com.google.firebase.components.ComponentRegistrar" />
126-->[com.google.firebase:firebase-abt:21.0.0] AndroidManifest.xml:15:17-82
127            <meta-data
127-->[com.google.firebase:firebase-installations-ktx:17.0.0] AndroidManifest.xml:14:13-16:85
128                android:name="com.google.firebase.components:com.google.firebase.installations.ktx.FirebaseInstallationsKtxRegistrar"
128-->[com.google.firebase:firebase-installations-ktx:17.0.0] AndroidManifest.xml:15:17-134
129                android:value="com.google.firebase.components.ComponentRegistrar" />
129-->[com.google.firebase:firebase-installations-ktx:17.0.0] AndroidManifest.xml:16:17-82
130            <meta-data
130-->[com.google.firebase:firebase-crashlytics-ktx:18.2.5] AndroidManifest.xml:27:13-29:85
131                android:name="com.google.firebase.components:com.google.firebase.crashlytics.ktx.FirebaseCrashlyticsKtxRegistrar"
131-->[com.google.firebase:firebase-crashlytics-ktx:18.2.5] AndroidManifest.xml:28:17-130
132                android:value="com.google.firebase.components.ComponentRegistrar" />
132-->[com.google.firebase:firebase-crashlytics-ktx:18.2.5] AndroidManifest.xml:29:17-82
133            <meta-data
133-->[com.google.firebase:firebase-analytics-ktx:20.0.0] AndroidManifest.xml:11:13-13:85
134                android:name="com.google.firebase.components:com.google.firebase.analytics.ktx.FirebaseAnalyticsKtxRegistrar"
134-->[com.google.firebase:firebase-analytics-ktx:20.0.0] AndroidManifest.xml:12:17-126
135                android:value="com.google.firebase.components.ComponentRegistrar" />
135-->[com.google.firebase:firebase-analytics-ktx:20.0.0] AndroidManifest.xml:13:17-82
136            <meta-data
136-->[com.google.firebase:firebase-common-ktx:20.0.0] AndroidManifest.xml:15:13-17:85
137                android:name="com.google.firebase.components:com.google.firebase.ktx.FirebaseCommonKtxRegistrar"
137-->[com.google.firebase:firebase-common-ktx:20.0.0] AndroidManifest.xml:16:17-113
138                android:value="com.google.firebase.components.ComponentRegistrar" />
138-->[com.google.firebase:firebase-common-ktx:20.0.0] AndroidManifest.xml:17:17-82
139            <meta-data
139-->[com.google.firebase:firebase-crashlytics:18.2.5] AndroidManifest.xml:18:13-20:85
140                android:name="com.google.firebase.components:com.google.firebase.crashlytics.CrashlyticsRegistrar"
140-->[com.google.firebase:firebase-crashlytics:18.2.5] AndroidManifest.xml:19:17-115
141                android:value="com.google.firebase.components.ComponentRegistrar" />
141-->[com.google.firebase:firebase-crashlytics:18.2.5] AndroidManifest.xml:20:17-82
142            <meta-data
142-->[com.google.android.gms:play-services-measurement-api:20.0.0] AndroidManifest.xml:30:13-32:85
143                android:name="com.google.firebase.components:com.google.firebase.analytics.connector.internal.AnalyticsConnectorRegistrar"
143-->[com.google.android.gms:play-services-measurement-api:20.0.0] AndroidManifest.xml:31:17-139
144                android:value="com.google.firebase.components.ComponentRegistrar" />
144-->[com.google.android.gms:play-services-measurement-api:20.0.0] AndroidManifest.xml:32:17-82
145            <meta-data
145-->[com.google.firebase:firebase-installations:17.0.0] AndroidManifest.xml:18:13-20:85
146                android:name="com.google.firebase.components:com.google.firebase.installations.FirebaseInstallationsRegistrar"
146-->[com.google.firebase:firebase-installations:17.0.0] AndroidManifest.xml:19:17-127
147                android:value="com.google.firebase.components.ComponentRegistrar" />
147-->[com.google.firebase:firebase-installations:17.0.0] AndroidManifest.xml:20:17-82
148        </service>
149
150        <provider
150-->[com.google.firebase:firebase-common:20.0.0] AndroidManifest.xml:26:9-31:39
151            android:name="com.google.firebase.provider.FirebaseInitProvider"
151-->[com.google.firebase:firebase-common:20.0.0] AndroidManifest.xml:27:13-77
152            android:authorities="com.futuretech.imagetopdf.firebaseinitprovider"
152-->[com.google.firebase:firebase-common:20.0.0] AndroidManifest.xml:28:13-72
153            android:directBootAware="true"
153-->[com.google.firebase:firebase-common:20.0.0] AndroidManifest.xml:29:13-43
154            android:exported="false"
154-->[com.google.firebase:firebase-common:20.0.0] AndroidManifest.xml:30:13-37
155            android:initOrder="100" />
155-->[com.google.firebase:firebase-common:20.0.0] AndroidManifest.xml:31:13-36
156
157        <receiver
157-->[com.google.android.gms:play-services-measurement:20.0.0] AndroidManifest.xml:29:9-33:20
158            android:name="com.google.android.gms.measurement.AppMeasurementReceiver"
158-->[com.google.android.gms:play-services-measurement:20.0.0] AndroidManifest.xml:30:13-85
159            android:enabled="true"
159-->[com.google.android.gms:play-services-measurement:20.0.0] AndroidManifest.xml:31:13-35
160            android:exported="false" >
160-->[com.google.android.gms:play-services-measurement:20.0.0] AndroidManifest.xml:32:13-37
161        </receiver>
162
163        <service
163-->[com.google.android.gms:play-services-measurement:20.0.0] AndroidManifest.xml:35:9-38:40
164            android:name="com.google.android.gms.measurement.AppMeasurementService"
164-->[com.google.android.gms:play-services-measurement:20.0.0] AndroidManifest.xml:36:13-84
165            android:enabled="true"
165-->[com.google.android.gms:play-services-measurement:20.0.0] AndroidManifest.xml:37:13-35
166            android:exported="false" />
166-->[com.google.android.gms:play-services-measurement:20.0.0] AndroidManifest.xml:38:13-37
167        <service
167-->[com.google.android.gms:play-services-measurement:20.0.0] AndroidManifest.xml:39:9-43:72
168            android:name="com.google.android.gms.measurement.AppMeasurementJobService"
168-->[com.google.android.gms:play-services-measurement:20.0.0] AndroidManifest.xml:40:13-87
169            android:enabled="true"
169-->[com.google.android.gms:play-services-measurement:20.0.0] AndroidManifest.xml:41:13-35
170            android:exported="false"
170-->[com.google.android.gms:play-services-measurement:20.0.0] AndroidManifest.xml:42:13-37
171            android:permission="android.permission.BIND_JOB_SERVICE" />
171-->[com.google.android.gms:play-services-measurement:20.0.0] AndroidManifest.xml:43:13-69
172
173        <meta-data
173-->[com.google.android.gms:play-services-basement:17.2.1] AndroidManifest.xml:23:9-25:69
174            android:name="com.google.android.gms.version"
174-->[com.google.android.gms:play-services-basement:17.2.1] AndroidManifest.xml:24:13-58
175            android:value="@integer/google_play_services_version" />
175-->[com.google.android.gms:play-services-basement:17.2.1] AndroidManifest.xml:25:13-66
176        <meta-data
176-->[com.android.billingclient:billing:3.0.3] AndroidManifest.xml:13:9-15:37
177            android:name="com.google.android.play.billingclient.version"
177-->[com.android.billingclient:billing:3.0.3] AndroidManifest.xml:14:13-73
178            android:value="3.0.3" />
178-->[com.android.billingclient:billing:3.0.3] AndroidManifest.xml:15:13-34
179
180        <activity
180-->[com.android.billingclient:billing:3.0.3] AndroidManifest.xml:17:9-21:75
181            android:name="com.android.billingclient.api.ProxyBillingActivity"
181-->[com.android.billingclient:billing:3.0.3] AndroidManifest.xml:18:13-78
182            android:configChanges="keyboard|keyboardHidden|screenLayout|screenSize|orientation"
182-->[com.android.billingclient:billing:3.0.3] AndroidManifest.xml:19:13-96
183            android:exported="false"
183-->[com.android.billingclient:billing:3.0.3] AndroidManifest.xml:20:13-37
184            android:theme="@android:style/Theme.Translucent.NoTitleBar" /> <!-- The activities will be merged into the manifest of the hosting app. -->
184-->[com.android.billingclient:billing:3.0.3] AndroidManifest.xml:21:13-72
185        <activity
185-->[com.google.android.play:core:1.10.2] AndroidManifest.xml:18:9-24:45
186            android:name="com.google.android.play.core.missingsplits.PlayCoreMissingSplitsActivity"
186-->[com.google.android.play:core:1.10.2] AndroidManifest.xml:19:13-100
187            android:enabled="false"
187-->[com.google.android.play:core:1.10.2] AndroidManifest.xml:20:13-36
188            android:exported="false"
188-->[com.google.android.play:core:1.10.2] AndroidManifest.xml:21:13-37
189            android:launchMode="singleInstance"
189-->[com.google.android.play:core:1.10.2] AndroidManifest.xml:22:13-48
190            android:process=":playcore_missing_splits_activity"
190-->[com.google.android.play:core:1.10.2] AndroidManifest.xml:23:13-64
191            android:stateNotNeeded="true" />
191-->[com.google.android.play:core:1.10.2] AndroidManifest.xml:24:13-42
192        <activity
192-->[com.google.android.play:core:1.10.2] AndroidManifest.xml:25:9-29:65
193            android:name="com.google.android.play.core.common.PlayCoreDialogWrapperActivity"
193-->[com.google.android.play:core:1.10.2] AndroidManifest.xml:26:13-93
194            android:exported="false"
194-->[com.google.android.play:core:1.10.2] AndroidManifest.xml:27:13-37
195            android:stateNotNeeded="true"
195-->[com.google.android.play:core:1.10.2] AndroidManifest.xml:28:13-42
196            android:theme="@style/Theme.PlayCore.Transparent" /> <!-- The services will be merged into the manifest of the hosting app. -->
196-->[com.google.android.play:core:1.10.2] AndroidManifest.xml:29:13-62
197        <service
197-->[com.google.android.play:core:1.10.2] AndroidManifest.xml:32:9-39:19
198            android:name="com.google.android.play.core.assetpacks.AssetPackExtractionService"
198-->[com.google.android.play:core:1.10.2] AndroidManifest.xml:33:13-94
199            android:enabled="false"
199-->[com.google.android.play:core:1.10.2] AndroidManifest.xml:34:13-36
200            android:exported="true" >
200-->[com.google.android.play:core:1.10.2] AndroidManifest.xml:35:13-36
201            <meta-data
201-->[com.google.android.play:core:1.10.2] AndroidManifest.xml:36:13-38:41
202                android:name="com.google.android.play.core.assetpacks.versionCode"
202-->[com.google.android.play:core:1.10.2] AndroidManifest.xml:37:17-83
203                android:value="11002" />
203-->[com.google.android.play:core:1.10.2] AndroidManifest.xml:38:17-38
204        </service>
205        <service
205-->[com.google.android.play:core:1.10.2] AndroidManifest.xml:40:9-43:40
206            android:name="com.google.android.play.core.assetpacks.ExtractionForegroundService"
206-->[com.google.android.play:core:1.10.2] AndroidManifest.xml:41:13-95
207            android:enabled="false"
207-->[com.google.android.play:core:1.10.2] AndroidManifest.xml:42:13-36
208            android:exported="false" />
208-->[com.google.android.play:core:1.10.2] AndroidManifest.xml:43:13-37
209        <service
209-->[androidx.camera:camera-camera2:1.1.0-beta02] AndroidManifest.xml:26:9-35:19
210            android:name="androidx.camera.core.impl.MetadataHolderService"
210-->[androidx.camera:camera-camera2:1.1.0-beta02] AndroidManifest.xml:27:13-75
211            android:enabled="false"
211-->[androidx.camera:camera-camera2:1.1.0-beta02] AndroidManifest.xml:28:13-36
212            android:exported="false" >
212-->[androidx.camera:camera-camera2:1.1.0-beta02] AndroidManifest.xml:29:13-37
213            <meta-data
213-->[androidx.camera:camera-camera2:1.1.0-beta02] AndroidManifest.xml:32:13-34:89
214                android:name="androidx.camera.core.impl.MetadataHolderService.DEFAULT_CONFIG_PROVIDER"
214-->[androidx.camera:camera-camera2:1.1.0-beta02] AndroidManifest.xml:33:17-103
215                android:value="androidx.camera.camera2.Camera2Config$DefaultProvider" />
215-->[androidx.camera:camera-camera2:1.1.0-beta02] AndroidManifest.xml:34:17-86
216        </service>
217
218        <provider
218-->[androidx.work:work-runtime:2.7.1] AndroidManifest.xml:31:9-39:20
219            android:name="androidx.startup.InitializationProvider"
219-->[androidx.work:work-runtime:2.7.1] AndroidManifest.xml:32:13-67
220            android:authorities="com.futuretech.imagetopdf.androidx-startup"
220-->[androidx.work:work-runtime:2.7.1] AndroidManifest.xml:33:13-68
221            android:exported="false" >
221-->[androidx.work:work-runtime:2.7.1] AndroidManifest.xml:34:13-37
222            <meta-data
222-->[androidx.work:work-runtime:2.7.1] AndroidManifest.xml:36:13-38:52
223                android:name="androidx.work.WorkManagerInitializer"
223-->[androidx.work:work-runtime:2.7.1] AndroidManifest.xml:37:17-68
224                android:value="androidx.startup" />
224-->[androidx.work:work-runtime:2.7.1] AndroidManifest.xml:38:17-49
225            <meta-data
225-->[androidx.emoji2:emoji2:1.0.0] AndroidManifest.xml:31:13-33:52
226                android:name="androidx.emoji2.text.EmojiCompatInitializer"
226-->[androidx.emoji2:emoji2:1.0.0] AndroidManifest.xml:32:17-75
227                android:value="androidx.startup" />
227-->[androidx.emoji2:emoji2:1.0.0] AndroidManifest.xml:33:17-49
228            <meta-data
228-->[androidx.lifecycle:lifecycle-process:2.4.0] AndroidManifest.xml:31:13-33:52
229                android:name="androidx.lifecycle.ProcessLifecycleInitializer"
229-->[androidx.lifecycle:lifecycle-process:2.4.0] AndroidManifest.xml:32:17-78
230                android:value="androidx.startup" />
230-->[androidx.lifecycle:lifecycle-process:2.4.0] AndroidManifest.xml:33:17-49
231        </provider>
232
233        <service
233-->[androidx.work:work-runtime:2.7.1] AndroidManifest.xml:41:9-46:35
234            android:name="androidx.work.impl.background.systemalarm.SystemAlarmService"
234-->[androidx.work:work-runtime:2.7.1] AndroidManifest.xml:42:13-88
235            android:directBootAware="false"
235-->[androidx.work:work-runtime:2.7.1] AndroidManifest.xml:43:13-44
236            android:enabled="@bool/enable_system_alarm_service_default"
236-->[androidx.work:work-runtime:2.7.1] AndroidManifest.xml:44:13-72
237            android:exported="false" />
237-->[androidx.work:work-runtime:2.7.1] AndroidManifest.xml:45:13-37
238        <service
238-->[androidx.work:work-runtime:2.7.1] AndroidManifest.xml:47:9-53:35
239            android:name="androidx.work.impl.background.systemjob.SystemJobService"
239-->[androidx.work:work-runtime:2.7.1] AndroidManifest.xml:48:13-84
240            android:directBootAware="false"
240-->[androidx.work:work-runtime:2.7.1] AndroidManifest.xml:49:13-44
241            android:enabled="@bool/enable_system_job_service_default"
241-->[androidx.work:work-runtime:2.7.1] AndroidManifest.xml:50:13-70
242            android:exported="true"
242-->[androidx.work:work-runtime:2.7.1] AndroidManifest.xml:51:13-36
243            android:permission="android.permission.BIND_JOB_SERVICE" />
243-->[androidx.work:work-runtime:2.7.1] AndroidManifest.xml:52:13-69
244        <service
244-->[androidx.work:work-runtime:2.7.1] AndroidManifest.xml:54:9-59:35
245            android:name="androidx.work.impl.foreground.SystemForegroundService"
245-->[androidx.work:work-runtime:2.7.1] AndroidManifest.xml:55:13-81
246            android:directBootAware="false"
246-->[androidx.work:work-runtime:2.7.1] AndroidManifest.xml:56:13-44
247            android:enabled="@bool/enable_system_foreground_service_default"
247-->[androidx.work:work-runtime:2.7.1] AndroidManifest.xml:57:13-77
248            android:exported="false" />
248-->[androidx.work:work-runtime:2.7.1] AndroidManifest.xml:58:13-37
249
250        <receiver
250-->[androidx.work:work-runtime:2.7.1] AndroidManifest.xml:61:9-66:35
251            android:name="androidx.work.impl.utils.ForceStopRunnable$BroadcastReceiver"
251-->[androidx.work:work-runtime:2.7.1] AndroidManifest.xml:62:13-88
252            android:directBootAware="false"
252-->[androidx.work:work-runtime:2.7.1] AndroidManifest.xml:63:13-44
253            android:enabled="true"
253-->[androidx.work:work-runtime:2.7.1] AndroidManifest.xml:64:13-35
254            android:exported="false" />
254-->[androidx.work:work-runtime:2.7.1] AndroidManifest.xml:65:13-37
255        <receiver
255-->[androidx.work:work-runtime:2.7.1] AndroidManifest.xml:67:9-77:20
256            android:name="androidx.work.impl.background.systemalarm.ConstraintProxy$BatteryChargingProxy"
256-->[androidx.work:work-runtime:2.7.1] AndroidManifest.xml:68:13-106
257            android:directBootAware="false"
257-->[androidx.work:work-runtime:2.7.1] AndroidManifest.xml:69:13-44
258            android:enabled="false"
258-->[androidx.work:work-runtime:2.7.1] AndroidManifest.xml:70:13-36
259            android:exported="false" >
259-->[androidx.work:work-runtime:2.7.1] AndroidManifest.xml:71:13-37
260            <intent-filter>
260-->[androidx.work:work-runtime:2.7.1] AndroidManifest.xml:73:13-76:29
261                <action android:name="android.intent.action.ACTION_POWER_CONNECTED" />
261-->[androidx.work:work-runtime:2.7.1] AndroidManifest.xml:74:17-87
261-->[androidx.work:work-runtime:2.7.1] AndroidManifest.xml:74:25-84
262                <action android:name="android.intent.action.ACTION_POWER_DISCONNECTED" />
262-->[androidx.work:work-runtime:2.7.1] AndroidManifest.xml:75:17-90
262-->[androidx.work:work-runtime:2.7.1] AndroidManifest.xml:75:25-87
263            </intent-filter>